  admin.cpp
C:\Users\SHARIF\Desktop\Yekestan\Yekestan\Admin.h(12,25): error C4430: missing type specifier - int assumed. Note: C++ does not support default-int
  (compiling source file 'admin.cpp')
  
C:\Users\SHARIF\Desktop\Yekestan\Yekestan\Admin.h(12,37): error C2143: syntax error: missing ',' before '*'
  (compiling source file 'admin.cpp')
  
C:\Users\SHARIF\Desktop\Yekestan\Yekestan\Admin.h(13,25): error C4430: missing type specifier - int assumed. Note: C++ does not support default-int
  (compiling source file 'admin.cpp')
  
C:\Users\SHARIF\Desktop\Yekestan\Yekestan\Admin.h(13,37): error C2143: syntax error: missing ',' before '*'
  (compiling source file 'admin.cpp')
  
C:\Users\SHARIF\Desktop\Yekestan\Yekestan\Course.h(19,14): error C2143: syntax error: missing ';' before '*'
  (compiling source file 'admin.cpp')
  
C:\Users\SHARIF\Desktop\Yekestan\Yekestan\Course.h(19,5): error C4430: missing type specifier - int assumed. Note: C++ does not support default-int
  (compiling source file 'admin.cpp')
  
C:\Users\SHARIF\Desktop\Yekestan\Yekestan\Course.h(19,25): error C2238: unexpected token(s) preceding ';'
  (compiling source file 'admin.cpp')
  
C:\Users\SHARIF\Desktop\Yekestan\Yekestan\Course.h(20,16): error C2065: 'Student': undeclared identifier
  (compiling source file 'admin.cpp')
  
C:\Users\SHARIF\Desktop\Yekestan\Yekestan\Course.h(20,24): error C2059: syntax error: ','
  (compiling source file 'admin.cpp')
  
C:\Users\SHARIF\Desktop\Yekestan\Yekestan\Course.h(21,16): error C2065: 'Assignment': undeclared identifier
  (compiling source file 'admin.cpp')
  
C:\Users\SHARIF\Desktop\Yekestan\Yekestan\Course.h(21,27): error C2059: syntax error: ','
  (compiling source file 'admin.cpp')
  
C:\Users\SHARIF\Desktop\Yekestan\Yekestan\Course.h(29,74): error C2061: syntax error: identifier 'Professor'
  (compiling source file 'admin.cpp')
  
C:\Users\SHARIF\Desktop\Yekestan\Yekestan\Course.h(30,21): error C2061: syntax error: identifier 'Student'
  (compiling source file 'admin.cpp')
  
C:\Users\SHARIF\Desktop\Yekestan\Yekestan\Course.h(31,24): error C2061: syntax error: identifier 'Assignment'
  (compiling source file 'admin.cpp')
  
C:\Users\SHARIF\Desktop\Yekestan\Yekestan\professor.h(23,39): error C2061: syntax error: identifier 'Student'
  (compiling source file 'admin.cpp')
  
C:\Users\SHARIF\Desktop\Yekestan\Yekestan\Course.h(10,11): error C2374: 'MAX_STUDENTS': redefinition; multiple initialization
  (compiling source file 'admin.cpp')
      C:\Users\SHARIF\Desktop\Yekestan\Yekestan\Course.h(10,11):
      see declaration of 'MAX_STUDENTS'
  
C:\Users\SHARIF\Desktop\Yekestan\Yekestan\Course.h(11,11): error C2374: 'MAX_ASSIGNMENTS': redefinition; multiple initialization
  (compiling source file 'admin.cpp')
      C:\Users\SHARIF\Desktop\Yekestan\Yekestan\Course.h(11,11):
      see declaration of 'MAX_ASSIGNMENTS'
  
C:\Users\SHARIF\Desktop\Yekestan\Yekestan\Course.h(12,11): error C2374: 'MAX_ANNOUNCEMENTS': redefinition; multiple initialization
  (compiling source file 'admin.cpp')
      C:\Users\SHARIF\Desktop\Yekestan\Yekestan\Course.h(12,11):
      see declaration of 'MAX_ANNOUNCEMENTS'
  
C:\Users\SHARIF\Desktop\Yekestan\Yekestan\Course.h(14,7): error C2011: 'Course': 'class' type redefinition
  (compiling source file 'admin.cpp')
      C:\Users\SHARIF\Desktop\Yekestan\Yekestan\Course.h(14,7):
      see declaration of 'Course'
  
C:\Users\SHARIF\Desktop\Yekestan\Yekestan\Course.h(10,11): error C2374: 'MAX_STUDENTS': redefinition; multiple initialization
  (compiling source file 'admin.cpp')
      C:\Users\SHARIF\Desktop\Yekestan\Yekestan\Course.h(10,11):
      see declaration of 'MAX_STUDENTS'
  
C:\Users\SHARIF\Desktop\Yekestan\Yekestan\Course.h(11,11): error C2374: 'MAX_ASSIGNMENTS': redefinition; multiple initialization
  (compiling source file 'admin.cpp')
      C:\Users\SHARIF\Desktop\Yekestan\Yekestan\Course.h(11,11):
      see declaration of 'MAX_ASSIGNMENTS'
  
C:\Users\SHARIF\Desktop\Yekestan\Yekestan\Course.h(12,11): error C2374: 'MAX_ANNOUNCEMENTS': redefinition; multiple initialization
  (compiling source file 'admin.cpp')
      C:\Users\SHARIF\Desktop\Yekestan\Yekestan\Course.h(12,11):
      see declaration of 'MAX_ANNOUNCEMENTS'
  
C:\Users\SHARIF\Desktop\Yekestan\Yekestan\admin.cpp(26,13): error C2511: 'void Admin::viewAllCourses(const Course *[],int)': overloaded member function not found in 'Admin'
      C:\Users\SHARIF\Desktop\Yekestan\Yekestan\Admin.h(4,7):
      see declaration of 'Admin'
  
C:\Users\SHARIF\Desktop\Yekestan\Yekestan\admin.cpp(30,13): error C2511: 'void Admin::viewAllCourses(const Course *[],int) const': overloaded member function not found in 'Admin'
      C:\Users\SHARIF\Desktop\Yekestan\Yekestan\Admin.h(4,7):
      see declaration of 'Admin'
  
  assignment.cpp
C:\Users\SHARIF\Desktop\Yekestan\Yekestan\Course.h(19,14): error C2143: syntax error: missing ';' before '*'
  (compiling source file 'assignment.cpp')
  
C:\Users\SHARIF\Desktop\Yekestan\Yekestan\Course.h(19,5): error C4430: missing type specifier - int assumed. Note: C++ does not support default-int
  (compiling source file 'assignment.cpp')
  
C:\Users\SHARIF\Desktop\Yekestan\Yekestan\Course.h(19,25): error C2238: unexpected token(s) preceding ';'
  (compiling source file 'assignment.cpp')
  
C:\Users\SHARIF\Desktop\Yekestan\Yekestan\Course.h(20,16): error C2065: 'Student': undeclared identifier
  (compiling source file 'assignment.cpp')
  
C:\Users\SHARIF\Desktop\Yekestan\Yekestan\Course.h(20,24): error C2059: syntax error: ','
  (compiling source file 'assignment.cpp')
  
C:\Users\SHARIF\Desktop\Yekestan\Yekestan\Course.h(21,16): error C2065: 'Assignment': undeclared identifier
  (compiling source file 'assignment.cpp')
  
C:\Users\SHARIF\Desktop\Yekestan\Yekestan\Course.h(21,27): error C2059: syntax error: ','
  (compiling source file 'assignment.cpp')
  
C:\Users\SHARIF\Desktop\Yekestan\Yekestan\Course.h(29,74): error C2061: syntax error: identifier 'Professor'
  (compiling source file 'assignment.cpp')
  
C:\Users\SHARIF\Desktop\Yekestan\Yekestan\Course.h(30,21): error C2061: syntax error: identifier 'Student'
  (compiling source file 'assignment.cpp')
  
C:\Users\SHARIF\Desktop\Yekestan\Yekestan\Course.h(31,24): error C2061: syntax error: identifier 'Assignment'
  (compiling source file 'assignment.cpp')
  
C:\Users\SHARIF\Desktop\Yekestan\Yekestan\professor.h(23,39): error C2061: syntax error: identifier 'Student'
  (compiling source file 'assignment.cpp')
  
C:\Users\SHARIF\Desktop\Yekestan\Yekestan\Course.h(10,11): error C2374: 'MAX_STUDENTS': redefinition; multiple initialization
  (compiling source file 'assignment.cpp')
      C:\Users\SHARIF\Desktop\Yekestan\Yekestan\Course.h(10,11):
      see declaration of 'MAX_STUDENTS'
  
C:\Users\SHARIF\Desktop\Yekestan\Yekestan\Course.h(11,11): error C2374: 'MAX_ASSIGNMENTS': redefinition; multiple initialization
  (compiling source file 'assignment.cpp')
      C:\Users\SHARIF\Desktop\Yekestan\Yekestan\Course.h(11,11):
      see declaration of 'MAX_ASSIGNMENTS'
  
C:\Users\SHARIF\Desktop\Yekestan\Yekestan\Course.h(12,11): error C2374: 'MAX_ANNOUNCEMENTS': redefinition; multiple initialization
  (compiling source file 'assignment.cpp')
      C:\Users\SHARIF\Desktop\Yekestan\Yekestan\Course.h(12,11):
      see declaration of 'MAX_ANNOUNCEMENTS'
  
C:\Users\SHARIF\Desktop\Yekestan\Yekestan\Course.h(14,7): error C2011: 'Course': 'class' type redefinition
  (compiling source file 'assignment.cpp')
      C:\Users\SHARIF\Desktop\Yekestan\Yekestan\Course.h(14,7):
      see declaration of 'Course'
  
  course.cpp
C:\Users\SHARIF\Desktop\Yekestan\Yekestan\Course.h(19,14): error C2143: syntax error: missing ';' before '*'
  (compiling source file 'course.cpp')
  
C:\Users\SHARIF\Desktop\Yekestan\Yekestan\Course.h(19,5): error C4430: missing type specifier - int assumed. Note: C++ does not support default-int
  (compiling source file 'course.cpp')
  
C:\Users\SHARIF\Desktop\Yekestan\Yekestan\Course.h(19,25): error C2238: unexpected token(s) preceding ';'
  (compiling source file 'course.cpp')
  
C:\Users\SHARIF\Desktop\Yekestan\Yekestan\Course.h(20,16): error C2065: 'Student': undeclared identifier
  (compiling source file 'course.cpp')
  
C:\Users\SHARIF\Desktop\Yekestan\Yekestan\Course.h(20,24): error C2059: syntax error: ','
  (compiling source file 'course.cpp')
  
C:\Users\SHARIF\Desktop\Yekestan\Yekestan\Course.h(21,16): error C2065: 'Assignment': undeclared identifier
  (compiling source file 'course.cpp')
  
C:\Users\SHARIF\Desktop\Yekestan\Yekestan\Course.h(21,27): error C2059: syntax error: ','
  (compiling source file 'course.cpp')
  
C:\Users\SHARIF\Desktop\Yekestan\Yekestan\Course.h(29,74): error C2061: syntax error: identifier 'Professor'
  (compiling source file 'course.cpp')
  
C:\Users\SHARIF\Desktop\Yekestan\Yekestan\Course.h(30,21): error C2061: syntax error: identifier 'Student'
  (compiling source file 'course.cpp')
  
C:\Users\SHARIF\Desktop\Yekestan\Yekestan\Course.h(31,24): error C2061: syntax error: identifier 'Assignment'
  (compiling source file 'course.cpp')
  
C:\Users\SHARIF\Desktop\Yekestan\Yekestan\professor.h(23,39): error C2061: syntax error: identifier 'Student'
  (compiling source file 'course.cpp')
  
C:\Users\SHARIF\Desktop\Yekestan\Yekestan\Course.h(10,11): error C2374: 'MAX_STUDENTS': redefinition; multiple initialization
  (compiling source file 'course.cpp')
      C:\Users\SHARIF\Desktop\Yekestan\Yekestan\Course.h(10,11):
      see declaration of 'MAX_STUDENTS'
  
C:\Users\SHARIF\Desktop\Yekestan\Yekestan\Course.h(11,11): error C2374: 'MAX_ASSIGNMENTS': redefinition; multiple initialization
  (compiling source file 'course.cpp')
      C:\Users\SHARIF\Desktop\Yekestan\Yekestan\Course.h(11,11):
      see declaration of 'MAX_ASSIGNMENTS'
  
C:\Users\SHARIF\Desktop\Yekestan\Yekestan\Course.h(12,11): error C2374: 'MAX_ANNOUNCEMENTS': redefinition; multiple initialization
  (compiling source file 'course.cpp')
      C:\Users\SHARIF\Desktop\Yekestan\Yekestan\Course.h(12,11):
      see declaration of 'MAX_ANNOUNCEMENTS'
  
C:\Users\SHARIF\Desktop\Yekestan\Yekestan\Course.h(14,7): error C2011: 'Course': 'class' type redefinition
  (compiling source file 'course.cpp')
      C:\Users\SHARIF\Desktop\Yekestan\Yekestan\Course.h(14,7):
      see declaration of 'Course'
  
C:\Users\SHARIF\Desktop\Yekestan\Yekestan\Course.h(10,11): error C2374: 'MAX_STUDENTS': redefinition; multiple initialization
  (compiling source file 'course.cpp')
      C:\Users\SHARIF\Desktop\Yekestan\Yekestan\Course.h(10,11):
      see declaration of 'MAX_STUDENTS'
  
C:\Users\SHARIF\Desktop\Yekestan\Yekestan\Course.h(11,11): error C2374: 'MAX_ASSIGNMENTS': redefinition; multiple initialization
  (compiling source file 'course.cpp')
      C:\Users\SHARIF\Desktop\Yekestan\Yekestan\Course.h(11,11):
      see declaration of 'MAX_ASSIGNMENTS'
  
C:\Users\SHARIF\Desktop\Yekestan\Yekestan\Course.h(12,11): error C2374: 'MAX_ANNOUNCEMENTS': redefinition; multiple initialization
  (compiling source file 'course.cpp')
      C:\Users\SHARIF\Desktop\Yekestan\Yekestan\Course.h(12,11):
      see declaration of 'MAX_ANNOUNCEMENTS'
  
C:\Users\SHARIF\Desktop\Yekestan\Yekestan\course.cpp(7,9): error C2027: use of undefined type 'Course'
      C:\Users\SHARIF\Desktop\Yekestan\Yekestan\Course.h(14,7):
      see declaration of 'Course'
  
C:\Users\SHARIF\Desktop\Yekestan\Yekestan\course.cpp(7,9): error C4430: missing type specifier - int assumed. Note: C++ does not support default-int
C:\Users\SHARIF\Desktop\Yekestan\Yekestan\course.cpp(8,69): error C2550: '{ctor}': constructor initializer lists are only allowed on constructor definitions
C:\Users\SHARIF\Desktop\Yekestan\Yekestan\course.cpp(8,70): warning C4508: '{ctor}': function should return a value; 'void' return type assumed
C:\Users\SHARIF\Desktop\Yekestan\Yekestan\course.cpp(10,14): error C2027: use of undefined type 'Course'
      C:\Users\SHARIF\Desktop\Yekestan\Yekestan\Course.h(14,7):
      see declaration of 'Course'
  
C:\Users\SHARIF\Desktop\Yekestan\Yekestan\course.cpp(11,9): error C2065: 'studentCount': undeclared identifier
C:\Users\SHARIF\Desktop\Yekestan\Yekestan\course.cpp(11,25): error C2065: 'capacity': undeclared identifier
C:\Users\SHARIF\Desktop\Yekestan\Yekestan\course.cpp(15,5): error C2065: 'enrolledStudents': undeclared identifier
C:\Users\SHARIF\Desktop\Yekestan\Yekestan\course.cpp(15,22): error C2065: 'studentCount': undeclared identifier
C:\Users\SHARIF\Desktop\Yekestan\Yekestan\course.cpp(19,14): error C2027: use of undefined type 'Course'
      C:\Users\SHARIF\Desktop\Yekestan\Yekestan\Course.h(14,7):
      see declaration of 'Course'
  
C:\Users\SHARIF\Desktop\Yekestan\Yekestan\course.cpp(20,9): error C2065: 'assignmentCount': undeclared identifier
C:\Users\SHARIF\Desktop\Yekestan\Yekestan\course.cpp(24,5): error C2065: 'assignments': undeclared identifier
C:\Users\SHARIF\Desktop\Yekestan\Yekestan\course.cpp(24,17): error C2065: 'assignmentCount': undeclared identifier
C:\Users\SHARIF\Desktop\Yekestan\Yekestan\course.cpp(28,14): error C2027: use of undefined type 'Course'
      C:\Users\SHARIF\Desktop\Yekestan\Yekestan\Course.h(14,7):
      see declaration of 'Course'
  
C:\Users\SHARIF\Desktop\Yekestan\Yekestan\course.cpp(33,15): error C2027: use of undefined type 'Course'
      C:\Users\SHARIF\Desktop\Yekestan\Yekestan\Course.h(14,7):
      see declaration of 'Course'
  
C:\Users\SHARIF\Desktop\Yekestan\Yekestan\course.cpp(33,15): error C2270: 'getAverageRating': modifiers not allowed on nonmember functions
C:\Users\SHARIF\Desktop\Yekestan\Yekestan\course.cpp(34,9): error C2065: 'studentRatings': undeclared identifier
C:\Users\SHARIF\Desktop\Yekestan\Yekestan\course.cpp(36,29): error C2065: 'studentRatings': undeclared identifier
C:\Users\SHARIF\Desktop\Yekestan\Yekestan\course.cpp(36,22): error C2530: 'pair': references must be initialized
C:\Users\SHARIF\Desktop\Yekestan\Yekestan\course.cpp(36,22): error C3531: 'pair': a symbol whose type contains 'auto' must have an initializer
C:\Users\SHARIF\Desktop\Yekestan\Yekestan\course.cpp(36,27): error C2143: syntax error: missing ';' before ':'
C:\Users\SHARIF\Desktop\Yekestan\Yekestan\course.cpp(36,43): error C2143: syntax error: missing ';' before ')'
C:\Users\SHARIF\Desktop\Yekestan\Yekestan\course.cpp(39,18): error C2065: 'studentRatings': undeclared identifier
C:\Users\SHARIF\Desktop\Yekestan\Yekestan\course.cpp(42,21): error C2027: use of undefined type 'Course'
      C:\Users\SHARIF\Desktop\Yekestan\Yekestan\Course.h(14,7):
      see declaration of 'Course'
  
C:\Users\SHARIF\Desktop\Yekestan\Yekestan\course.cpp(42,21): error C2270: 'getCourseInfo': modifiers not allowed on nonmember functions
  databasemanager.cpp
C:\Users\SHARIF\Desktop\Yekestan\Yekestan\Course.h(19,14): error C2143: syntax error: missing ';' before '*'
  (compiling source file 'databasemanager.cpp')
  
C:\Users\SHARIF\Desktop\Yekestan\Yekestan\Course.h(19,5): error C4430: missing type specifier - int assumed. Note: C++ does not support default-int
  (compiling source file 'databasemanager.cpp')
  
C:\Users\SHARIF\Desktop\Yekestan\Yekestan\Course.h(19,25): error C2238: unexpected token(s) preceding ';'
  (compiling source file 'databasemanager.cpp')
  
C:\Users\SHARIF\Desktop\Yekestan\Yekestan\Course.h(20,16): error C2065: 'Student': undeclared identifier
  (compiling source file 'databasemanager.cpp')
  
C:\Users\SHARIF\Desktop\Yekestan\Yekestan\Course.h(20,24): error C2059: syntax error: ','
  (compiling source file 'databasemanager.cpp')
  
C:\Users\SHARIF\Desktop\Yekestan\Yekestan\Course.h(21,16): error C2065: 'Assignment': undeclared identifier
  (compiling source file 'databasemanager.cpp')
  
C:\Users\SHARIF\Desktop\Yekestan\Yekestan\Course.h(21,27): error C2059: syntax error: ','
  (compiling source file 'databasemanager.cpp')
  
C:\Users\SHARIF\Desktop\Yekestan\Yekestan\Course.h(29,74): error C2061: syntax error: identifier 'Professor'
  (compiling source file 'databasemanager.cpp')
  
C:\Users\SHARIF\Desktop\Yekestan\Yekestan\Course.h(30,21): error C2061: syntax error: identifier 'Student'
  (compiling source file 'databasemanager.cpp')
  
C:\Users\SHARIF\Desktop\Yekestan\Yekestan\Course.h(31,24): error C2061: syntax error: identifier 'Assignment'
  (compiling source file 'databasemanager.cpp')
  
C:\Users\SHARIF\Desktop\Yekestan\Yekestan\professor.h(23,39): error C2061: syntax error: identifier 'Student'
  (compiling source file 'databasemanager.cpp')
  
C:\Users\SHARIF\Desktop\Yekestan\Yekestan\Course.h(10,11): error C2374: 'MAX_STUDENTS': redefinition; multiple initialization
  (compiling source file 'databasemanager.cpp')
      C:\Users\SHARIF\Desktop\Yekestan\Yekestan\Course.h(10,11):
      see declaration of 'MAX_STUDENTS'
  
C:\Users\SHARIF\Desktop\Yekestan\Yekestan\Course.h(11,11): error C2374: 'MAX_ASSIGNMENTS': redefinition; multiple initialization
  (compiling source file 'databasemanager.cpp')
      C:\Users\SHARIF\Desktop\Yekestan\Yekestan\Course.h(11,11):
      see declaration of 'MAX_ASSIGNMENTS'
  
C:\Users\SHARIF\Desktop\Yekestan\Yekestan\Course.h(12,11): error C2374: 'MAX_ANNOUNCEMENTS': redefinition; multiple initialization
  (compiling source file 'databasemanager.cpp')
      C:\Users\SHARIF\Desktop\Yekestan\Yekestan\Course.h(12,11):
      see declaration of 'MAX_ANNOUNCEMENTS'
  
C:\Users\SHARIF\Desktop\Yekestan\Yekestan\Course.h(14,7): error C2011: 'Course': 'class' type redefinition
  (compiling source file 'databasemanager.cpp')
      C:\Users\SHARIF\Desktop\Yekestan\Yekestan\Course.h(14,7):
      see declaration of 'Course'
  
C:\Users\SHARIF\Desktop\Yekestan\Yekestan\Course.h(10,11): error C2374: 'MAX_STUDENTS': redefinition; multiple initialization
  (compiling source file 'databasemanager.cpp')
      C:\Users\SHARIF\Desktop\Yekestan\Yekestan\Course.h(10,11):
      see declaration of 'MAX_STUDENTS'
  
C:\Users\SHARIF\Desktop\Yekestan\Yekestan\Course.h(11,11): error C2374: 'MAX_ASSIGNMENTS': redefinition; multiple initialization
  (compiling source file 'databasemanager.cpp')
      C:\Users\SHARIF\Desktop\Yekestan\Yekestan\Course.h(11,11):
      see declaration of 'MAX_ASSIGNMENTS'
  
C:\Users\SHARIF\Desktop\Yekestan\Yekestan\Course.h(12,11): error C2374: 'MAX_ANNOUNCEMENTS': redefinition; multiple initialization
  (compiling source file 'databasemanager.cpp')
      C:\Users\SHARIF\Desktop\Yekestan\Yekestan\Course.h(12,11):
      see declaration of 'MAX_ANNOUNCEMENTS'
  
C:\Users\SHARIF\Desktop\Yekestan\Yekestan\databasemanager.cpp(30,26): error C2027: use of undefined type 'Course'
      C:\Users\SHARIF\Desktop\Yekestan\Yekestan\Course.h(14,7):
      see declaration of 'Course'
  
  main.cpp
C:\Users\SHARIF\Desktop\Yekestan\Yekestan\Course.h(19,14): error C2143: syntax error: missing ';' before '*'
  (compiling source file 'main.cpp')
  
C:\Users\SHARIF\Desktop\Yekestan\Yekestan\Course.h(19,5): error C4430: missing type specifier - int assumed. Note: C++ does not support default-int
  (compiling source file 'main.cpp')
  
C:\Users\SHARIF\Desktop\Yekestan\Yekestan\Course.h(19,25): error C2238: unexpected token(s) preceding ';'
  (compiling source file 'main.cpp')
  
C:\Users\SHARIF\Desktop\Yekestan\Yekestan\Course.h(20,16): error C2065: 'Student': undeclared identifier
  (compiling source file 'main.cpp')
  
C:\Users\SHARIF\Desktop\Yekestan\Yekestan\Course.h(20,24): error C2059: syntax error: ','
  (compiling source file 'main.cpp')
  
C:\Users\SHARIF\Desktop\Yekestan\Yekestan\Course.h(21,16): error C2065: 'Assignment': undeclared identifier
  (compiling source file 'main.cpp')
  
C:\Users\SHARIF\Desktop\Yekestan\Yekestan\Course.h(21,27): error C2059: syntax error: ','
  (compiling source file 'main.cpp')
  
C:\Users\SHARIF\Desktop\Yekestan\Yekestan\Course.h(29,74): error C2061: syntax error: identifier 'Professor'
  (compiling source file 'main.cpp')
  
C:\Users\SHARIF\Desktop\Yekestan\Yekestan\Course.h(30,21): error C2061: syntax error: identifier 'Student'
  (compiling source file 'main.cpp')
  
C:\Users\SHARIF\Desktop\Yekestan\Yekestan\Course.h(31,24): error C2061: syntax error: identifier 'Assignment'
  (compiling source file 'main.cpp')
  
C:\Users\SHARIF\Desktop\Yekestan\Yekestan\professor.h(23,39): error C2061: syntax error: identifier 'Student'
  (compiling source file 'main.cpp')
  
C:\Users\SHARIF\Desktop\Yekestan\Yekestan\Course.h(10,11): error C2374: 'MAX_STUDENTS': redefinition; multiple initialization
  (compiling source file 'main.cpp')
      C:\Users\SHARIF\Desktop\Yekestan\Yekestan\Course.h(10,11):
      see declaration of 'MAX_STUDENTS'
  
C:\Users\SHARIF\Desktop\Yekestan\Yekestan\Course.h(11,11): error C2374: 'MAX_ASSIGNMENTS': redefinition; multiple initialization
  (compiling source file 'main.cpp')
      C:\Users\SHARIF\Desktop\Yekestan\Yekestan\Course.h(11,11):
      see declaration of 'MAX_ASSIGNMENTS'
  
C:\Users\SHARIF\Desktop\Yekestan\Yekestan\Course.h(12,11): error C2374: 'MAX_ANNOUNCEMENTS': redefinition; multiple initialization
  (compiling source file 'main.cpp')
      C:\Users\SHARIF\Desktop\Yekestan\Yekestan\Course.h(12,11):
      see declaration of 'MAX_ANNOUNCEMENTS'
  
C:\Users\SHARIF\Desktop\Yekestan\Yekestan\Course.h(14,7): error C2011: 'Course': 'class' type redefinition
  (compiling source file 'main.cpp')
      C:\Users\SHARIF\Desktop\Yekestan\Yekestan\Course.h(14,7):
      see declaration of 'Course'
  
C:\Users\SHARIF\Desktop\Yekestan\Yekestan\Course.h(10,11): error C2374: 'MAX_STUDENTS': redefinition; multiple initialization
  (compiling source file 'main.cpp')
      C:\Users\SHARIF\Desktop\Yekestan\Yekestan\Course.h(10,11):
      see declaration of 'MAX_STUDENTS'
  
C:\Users\SHARIF\Desktop\Yekestan\Yekestan\Course.h(11,11): error C2374: 'MAX_ASSIGNMENTS': redefinition; multiple initialization
  (compiling source file 'main.cpp')
      C:\Users\SHARIF\Desktop\Yekestan\Yekestan\Course.h(11,11):
      see declaration of 'MAX_ASSIGNMENTS'
  
C:\Users\SHARIF\Desktop\Yekestan\Yekestan\Course.h(12,11): error C2374: 'MAX_ANNOUNCEMENTS': redefinition; multiple initialization
  (compiling source file 'main.cpp')
      C:\Users\SHARIF\Desktop\Yekestan\Yekestan\Course.h(12,11):
      see declaration of 'MAX_ANNOUNCEMENTS'
  
C:\Users\SHARIF\Desktop\Yekestan\Yekestan\main.cpp(23,35): error C2027: use of undefined type 'Course'
      C:\Users\SHARIF\Desktop\Yekestan\Yekestan\Course.h(14,7):
      see declaration of 'Course'
  
C:\Users\SHARIF\Desktop\Yekestan\Yekestan\main.cpp(31,9): error C2027: use of undefined type 'Course'
      C:\Users\SHARIF\Desktop\Yekestan\Yekestan\Course.h(14,7):
      see declaration of 'Course'
  
C:\Users\SHARIF\Desktop\Yekestan\Yekestan\main.cpp(35,9): error C2027: use of undefined type 'Course'
      C:\Users\SHARIF\Desktop\Yekestan\Yekestan\Course.h(14,7):
      see declaration of 'Course'
  
  notification.cpp
C:\Users\SHARIF\Desktop\Yekestan\Yekestan\notification.cpp(13,31): error C4996: 'ctime': This function or variable may be unsafe. Consider using ctime_s instead. To disable deprecation, use _CRT_SECURE_NO_WARNINGS. See online help for details.
  professor.cpp
C:\Users\SHARIF\Desktop\Yekestan\Yekestan\Course.h(19,14): error C2143: syntax error: missing ';' before '*'
  (compiling source file 'professor.cpp')
  
C:\Users\SHARIF\Desktop\Yekestan\Yekestan\Course.h(19,5): error C4430: missing type specifier - int assumed. Note: C++ does not support default-int
  (compiling source file 'professor.cpp')
  
C:\Users\SHARIF\Desktop\Yekestan\Yekestan\Course.h(19,25): error C2238: unexpected token(s) preceding ';'
  (compiling source file 'professor.cpp')
  
C:\Users\SHARIF\Desktop\Yekestan\Yekestan\Course.h(20,16): error C2065: 'Student': undeclared identifier
  (compiling source file 'professor.cpp')
  
C:\Users\SHARIF\Desktop\Yekestan\Yekestan\Course.h(20,24): error C2059: syntax error: ','
  (compiling source file 'professor.cpp')
  
C:\Users\SHARIF\Desktop\Yekestan\Yekestan\Course.h(21,16): error C2065: 'Assignment': undeclared identifier
  (compiling source file 'professor.cpp')
  
C:\Users\SHARIF\Desktop\Yekestan\Yekestan\Course.h(21,27): error C2059: syntax error: ','
  (compiling source file 'professor.cpp')
  
C:\Users\SHARIF\Desktop\Yekestan\Yekestan\Course.h(29,74): error C2061: syntax error: identifier 'Professor'
  (compiling source file 'professor.cpp')
  
C:\Users\SHARIF\Desktop\Yekestan\Yekestan\Course.h(30,21): error C2061: syntax error: identifier 'Student'
  (compiling source file 'professor.cpp')
  
C:\Users\SHARIF\Desktop\Yekestan\Yekestan\Course.h(31,24): error C2061: syntax error: identifier 'Assignment'
  (compiling source file 'professor.cpp')
  
C:\Users\SHARIF\Desktop\Yekestan\Yekestan\Course.h(10,11): error C2374: 'MAX_STUDENTS': redefinition; multiple initialization
  (compiling source file 'professor.cpp')
      C:\Users\SHARIF\Desktop\Yekestan\Yekestan\Course.h(10,11):
      see declaration of 'MAX_STUDENTS'
  
C:\Users\SHARIF\Desktop\Yekestan\Yekestan\Course.h(11,11): error C2374: 'MAX_ASSIGNMENTS': redefinition; multiple initialization
  (compiling source file 'professor.cpp')
      C:\Users\SHARIF\Desktop\Yekestan\Yekestan\Course.h(11,11):
      see declaration of 'MAX_ASSIGNMENTS'
  
C:\Users\SHARIF\Desktop\Yekestan\Yekestan\Course.h(12,11): error C2374: 'MAX_ANNOUNCEMENTS': redefinition; multiple initialization
  (compiling source file 'professor.cpp')
      C:\Users\SHARIF\Desktop\Yekestan\Yekestan\Course.h(12,11):
      see declaration of 'MAX_ANNOUNCEMENTS'
  
C:\Users\SHARIF\Desktop\Yekestan\Yekestan\Course.h(14,7): error C2011: 'Course': 'class' type redefinition
  (compiling source file 'professor.cpp')
      C:\Users\SHARIF\Desktop\Yekestan\Yekestan\Course.h(14,7):
      see declaration of 'Course'
  
C:\Users\SHARIF\Desktop\Yekestan\Yekestan\Course.h(10,11): error C2374: 'MAX_STUDENTS': redefinition; multiple initialization
  (compiling source file 'professor.cpp')
      C:\Users\SHARIF\Desktop\Yekestan\Yekestan\Course.h(10,11):
      see declaration of 'MAX_STUDENTS'
  
C:\Users\SHARIF\Desktop\Yekestan\Yekestan\Course.h(11,11): error C2374: 'MAX_ASSIGNMENTS': redefinition; multiple initialization
  (compiling source file 'professor.cpp')
      C:\Users\SHARIF\Desktop\Yekestan\Yekestan\Course.h(11,11):
      see declaration of 'MAX_ASSIGNMENTS'
  
C:\Users\SHARIF\Desktop\Yekestan\Yekestan\Course.h(12,11): error C2374: 'MAX_ANNOUNCEMENTS': redefinition; multiple initialization
  (compiling source file 'professor.cpp')
      C:\Users\SHARIF\Desktop\Yekestan\Yekestan\Course.h(12,11):
      see declaration of 'MAX_ANNOUNCEMENTS'
  
C:\Users\SHARIF\Desktop\Yekestan\Yekestan\professor.cpp(15,45): error C2027: use of undefined type 'Course'
      C:\Users\SHARIF\Desktop\Yekestan\Yekestan\Course.h(14,7):
      see declaration of 'Course'
  
C:\Users\SHARIF\Desktop\Yekestan\Yekestan\professor.cpp(24,5): error C2027: use of undefined type 'Course'
      C:\Users\SHARIF\Desktop\Yekestan\Yekestan\Course.h(14,7):
      see declaration of 'Course'
  
  student.cpp
C:\Users\SHARIF\Desktop\Yekestan\Yekestan\Assignment.h(11,14): error C2065: 'Student': undeclared identifier
  (compiling source file 'student.cpp')
  
C:\Users\SHARIF\Desktop\Yekestan\Yekestan\Assignment.h(11,22): error C2059: syntax error: ','
  (compiling source file 'student.cpp')
  
C:\Users\SHARIF\Desktop\Yekestan\Yekestan\Assignment.h(15,23): error C2061: syntax error: identifier 'Student'
  (compiling source file 'student.cpp')
  
C:\Users\SHARIF\Desktop\Yekestan\Yekestan\Assignment.h(16,20): error C2061: syntax error: identifier 'Student'
  (compiling source file 'student.cpp')
  
C:\Users\SHARIF\Desktop\Yekestan\Yekestan\Course.h(19,14): error C2143: syntax error: missing ';' before '*'
  (compiling source file 'student.cpp')
  
C:\Users\SHARIF\Desktop\Yekestan\Yekestan\Course.h(19,5): error C4430: missing type specifier - int assumed. Note: C++ does not support default-int
  (compiling source file 'student.cpp')
  
C:\Users\SHARIF\Desktop\Yekestan\Yekestan\Course.h(19,25): error C2238: unexpected token(s) preceding ';'
  (compiling source file 'student.cpp')
  
C:\Users\SHARIF\Desktop\Yekestan\Yekestan\Course.h(20,16): error C2065: 'Student': undeclared identifier
  (compiling source file 'student.cpp')
  
C:\Users\SHARIF\Desktop\Yekestan\Yekestan\Course.h(20,24): error C2059: syntax error: ','
  (compiling source file 'student.cpp')
  
C:\Users\SHARIF\Desktop\Yekestan\Yekestan\Course.h(29,74): error C2061: syntax error: identifier 'Professor'
  (compiling source file 'student.cpp')
  
C:\Users\SHARIF\Desktop\Yekestan\Yekestan\Course.h(30,21): error C2061: syntax error: identifier 'Student'
  (compiling source file 'student.cpp')
  
C:\Users\SHARIF\Desktop\Yekestan\Yekestan\professor.h(23,39): error C2061: syntax error: identifier 'Student'
  (compiling source file 'student.cpp')
  
C:\Users\SHARIF\Desktop\Yekestan\Yekestan\Course.h(10,11): error C2374: 'MAX_STUDENTS': redefinition; multiple initialization
  (compiling source file 'student.cpp')
      C:\Users\SHARIF\Desktop\Yekestan\Yekestan\Course.h(10,11):
      see declaration of 'MAX_STUDENTS'
  
C:\Users\SHARIF\Desktop\Yekestan\Yekestan\Course.h(11,11): error C2374: 'MAX_ASSIGNMENTS': redefinition; multiple initialization
  (compiling source file 'student.cpp')
      C:\Users\SHARIF\Desktop\Yekestan\Yekestan\Course.h(11,11):
      see declaration of 'MAX_ASSIGNMENTS'
  
C:\Users\SHARIF\Desktop\Yekestan\Yekestan\Course.h(12,11): error C2374: 'MAX_ANNOUNCEMENTS': redefinition; multiple initialization
  (compiling source file 'student.cpp')
      C:\Users\SHARIF\Desktop\Yekestan\Yekestan\Course.h(12,11):
      see declaration of 'MAX_ANNOUNCEMENTS'
  
C:\Users\SHARIF\Desktop\Yekestan\Yekestan\Course.h(14,7): error C2011: 'Course': 'class' type redefinition
  (compiling source file 'student.cpp')
      C:\Users\SHARIF\Desktop\Yekestan\Yekestan\Course.h(14,7):
      see declaration of 'Course'
  
C:\Users\SHARIF\Desktop\Yekestan\Yekestan\Course.h(10,11): error C2374: 'MAX_STUDENTS': redefinition; multiple initialization
  (compiling source file 'student.cpp')
      C:\Users\SHARIF\Desktop\Yekestan\Yekestan\Course.h(10,11):
      see declaration of 'MAX_STUDENTS'
  
C:\Users\SHARIF\Desktop\Yekestan\Yekestan\Course.h(11,11): error C2374: 'MAX_ASSIGNMENTS': redefinition; multiple initialization
  (compiling source file 'student.cpp')
      C:\Users\SHARIF\Desktop\Yekestan\Yekestan\Course.h(11,11):
      see declaration of 'MAX_ASSIGNMENTS'
  
C:\Users\SHARIF\Desktop\Yekestan\Yekestan\Course.h(12,11): error C2374: 'MAX_ANNOUNCEMENTS': redefinition; multiple initialization
  (compiling source file 'student.cpp')
      C:\Users\SHARIF\Desktop\Yekestan\Yekestan\Course.h(12,11):
      see declaration of 'MAX_ANNOUNCEMENTS'
  
C:\Users\SHARIF\Desktop\Yekestan\Yekestan\Course.h(10,11): error C2374: 'MAX_STUDENTS': redefinition; multiple initialization
  (compiling source file 'student.cpp')
      C:\Users\SHARIF\Desktop\Yekestan\Yekestan\Course.h(10,11):
      see declaration of 'MAX_STUDENTS'
  
C:\Users\SHARIF\Desktop\Yekestan\Yekestan\Course.h(11,11): error C2374: 'MAX_ASSIGNMENTS': redefinition; multiple initialization
  (compiling source file 'student.cpp')
      C:\Users\SHARIF\Desktop\Yekestan\Yekestan\Course.h(11,11):
      see declaration of 'MAX_ASSIGNMENTS'
  
C:\Users\SHARIF\Desktop\Yekestan\Yekestan\Course.h(12,11): error C2374: 'MAX_ANNOUNCEMENTS': redefinition; multiple initialization
  (compiling source file 'student.cpp')
      C:\Users\SHARIF\Desktop\Yekestan\Yekestan\Course.h(12,11):
      see declaration of 'MAX_ANNOUNCEMENTS'
  
C:\Users\SHARIF\Desktop\Yekestan\Yekestan\student.cpp(14,9): error C2027: use of undefined type 'Course'
      C:\Users\SHARIF\Desktop\Yekestan\Yekestan\Course.h(14,7):
      see declaration of 'Course'
  
C:\Users\SHARIF\Desktop\Yekestan\Yekestan\student.cpp(16,48): error C2027: use of undefined type 'Course'
      C:\Users\SHARIF\Desktop\Yekestan\Yekestan\Course.h(14,7):
      see declaration of 'Course'
  
C:\Users\SHARIF\Desktop\Yekestan\Yekestan\student.cpp(23,42): error C2027: use of undefined type 'Course'
      C:\Users\SHARIF\Desktop\Yekestan\Yekestan\Course.h(14,7):
      see declaration of 'Course'
  
C:\Users\SHARIF\Desktop\Yekestan\Yekestan\student.cpp(37,52): error C2027: use of undefined type 'Course'
      C:\Users\SHARIF\Desktop\Yekestan\Yekestan\Course.h(14,7):
      see declaration of 'Course'
  
  Generating Code...
